# JRE version: Java(TM) SE Runtime Environment (11.0.1+13) (build 11.0.1+13-LTS)
# Java VM: Java HotSpot(TM) 64-Bit Server VM (11.0.1+13-LTS, mixed mode, tiered, compressed oops, g1 gc, bsd-amd64)
Heap:
 garbage-first heap   total 89088K, used 26937K [0x0000000700000000, 0x0000000800000000)
  region size 1024K, 4 young (4096K), 0 survivors (0K)
 Metaspace       used 55492K, capacity 56990K, committed 57216K, reserved 1099776K
  class space    used 6684K, capacity 7258K, committed 7296K, reserved 1048576K
GC Heap History (10 events):
Event: 2.583 GC heap before
{Heap before GC invocations=6 (full 0):
 garbage-first heap   total 262144K, used 92586K [0x0000000700000000, 0x0000000800000000)
  region size 1024K, 87 young (89088K), 7 survivors (7168K)
 Metaspace       used 31838K, capacity 32810K, committed 32896K, reserved 1077248K
  class space    used 3778K, capacity 4184K, committed 4224K, reserved 1048576K
}
Event: 2.592 GC heap after
{Heap after GC invocations=7 (full 0):
 garbage-first heap   total 315392K, used 13265K [0x0000000700000000, 0x0000000800000000)
  region size 1024K, 7 young (7168K), 7 survivors (7168K)
 Metaspace       used 31838K, capacity 32810K, committed 32896K, reserved 1077248K
  class space    used 3778K, capacity 4184K, committed 4224K, reserved 1048576K
}
Event: 2.914 GC heap before
{Heap before GC invocations=7 (full 0):
 garbage-first heap   total 315392K, used 36817K [0x0000000700000000, 0x0000000800000000)
  region size 1024K, 31 young (31744K), 7 survivors (7168K)
 Metaspace       used 34584K, capacity 35730K, committed 35840K, reserved 1081344K
  class space    used 4167K, capacity 4598K, committed 4608K, reserved 1048576K
}
Event: 2.927 GC heap after
{Heap after GC invocations=8 (full 0):
 garbage-first heap   total 315392K, used 14599K [0x0000000700000000, 0x0000000800000000)
  region size 1024K, 9 young (9216K), 9 survivors (9216K)
 Metaspace       used 34584K, capacity 35730K, committed 35840K, reserved 1081344K
  class space    used 4167K, capacity 4598K, committed 4608K, reserved 1048576K
}
Event: 4.149 GC heap before
{Heap before GC invocations=9 (full 0):
 garbage-first heap   total 315392K, used 175367K [0x0000000700000000, 0x0000000800000000)
  region size 1024K, 167 young (171008K), 9 survivors (9216K)
 Metaspace       used 44432K, capacity 45717K, committed 46080K, reserved 1089536K
  class space    used 5373K, capacity 5858K, committed 5888K, reserved 1048576K
}
Event: 4.165 GC heap after
{Heap after GC invocations=10 (full 0):
 garbage-first heap   total 315392K, used 21457K [0x0000000700000000, 0x0000000800000000)
  region size 1024K, 15 young (15360K), 15 survivors (15360K)
 Metaspace       used 44432K, capacity 45717K, committed 46080K, reserved 1089536K
  class space    used 5373K, capacity 5858K, committed 5888K, reserved 1048576K
}
Event: 5.594 GC heap before
{Heap before GC invocations=10 (full 0):
 garbage-first heap   total 315392K, used 194513K [0x0000000700000000, 0x0000000800000000)
  region size 1024K, 184 young (188416K), 15 survivors (15360K)
 Metaspace       used 48559K, capacity 49883K, committed 50176K, reserved 1093632K
  class space    used 5868K, capacity 6370K, committed 6400K, reserved 1048576K
}
Event: 5.613 GC heap after
{Heap after GC invocations=11 (full 0):
 garbage-first heap   total 315392K, used 27170K [0x0000000700000000, 0x0000000800000000)
  region size 1024K, 16 young (16384K), 16 survivors (16384K)
 Metaspace       used 48559K, capacity 49883K, committed 50176K, reserved 1093632K
  class space    used 5868K, capacity 6370K, committed 6400K, reserved 1048576K
}
Event: 45.902 GC heap before
{Heap before GC invocations=11 (full 0):
 garbage-first heap   total 315392K, used 125474K [0x0000000700000000, 0x0000000800000000)
  region size 1024K, 109 young (111616K), 16 survivors (16384K)
 Metaspace       used 55496K, capacity 56999K, committed 57216K, reserved 1099776K
  class space    used 6685K, capacity 7261K, committed 7296K, reserved 1048576K
}
Event: 45.987 GC heap after
{Heap after GC invocations=12 (full 1):
 garbage-first heap   total 89088K, used 23865K [0x0000000700000000, 0x0000000800000000)
  region size 1024K, 0 young (0K), 0 survivors (0K)
 Metaspace       used 55487K, capacity 56984K, committed 57216K, reserved 1099776K
  class space    used 6682K, capacity 7256K, committed 7296K, reserved 1048576K
}

