# JRE version: Java(TM) SE Runtime Environment (11.0.1+13) (build 11.0.1+13-LTS)
# Java VM: Java HotSpot(TM) 64-Bit Server VM (11.0.1+13-LTS, mixed mode, tiered, compressed oops, g1 gc, bsd-amd64)
Heap:
 garbage-first heap   total 315392K, used 114308K [0x0000000700000000, 0x0000000800000000)
  region size 1024K, 102 young (104448K), 17 survivors (17408K)
 Metaspace       used 51092K, capacity 52480K, committed 52812K, reserved 1095680K
  class space    used 6140K, capacity 6659K, committed 6784K, reserved 1048576K
GC Heap History (10 events):
Event: 1.223 GC heap before
{Heap before GC invocations=2 (full 0):
 garbage-first heap   total 262144K, used 36942K [0x0000000700000000, 0x0000000800000000)
  region size 1024K, 36 young (36864K), 4 survivors (4096K)
 Metaspace       used 20502K, capacity 21075K, committed 21248K, reserved 1069056K
  class space    used 2285K, capacity 2511K, committed 2560K, reserved 1048576K
}
Event: 1.229 GC heap after
{Heap after GC invocations=3 (full 0):
 garbage-first heap   total 262144K, used 7727K [0x0000000700000000, 0x0000000800000000)
  region size 1024K, 3 young (3072K), 3 survivors (3072K)
 Metaspace       used 20502K, capacity 21075K, committed 21248K, reserved 1069056K
  class space    used 2285K, capacity 2511K, committed 2560K, reserved 1048576K
}
Event: 2.383 GC heap before
{Heap before GC invocations=4 (full 0):
 garbage-first heap   total 262144K, used 94767K [0x0000000700000000, 0x0000000800000000)
  region size 1024K, 89 young (91136K), 3 survivors (3072K)
 Metaspace       used 29620K, capacity 30531K, committed 30720K, reserved 1077248K
  class space    used 3477K, capacity 3836K, committed 3840K, reserved 1048576K
}
Event: 2.392 GC heap after
{Heap after GC invocations=5 (full 0):
 garbage-first heap   total 262144K, used 11873K [0x0000000700000000, 0x0000000800000000)
  region size 1024K, 7 young (7168K), 7 survivors (7168K)
 Metaspace       used 29620K, capacity 30531K, committed 30720K, reserved 1077248K
  class space    used 3477K, capacity 3836K, committed 3840K, reserved 1048576K
}
Event: 3.040 GC heap before
{Heap before GC invocations=5 (full 0):
 garbage-first heap   total 262144K, used 88673K [0x0000000700000000, 0x0000000800000000)
  region size 1024K, 84 young (86016K), 7 survivors (7168K)
 Metaspace       used 34626K, capacity 35729K, committed 35840K, reserved 1081344K
  class space    used 4172K, capacity 4596K, committed 4608K, reserved 1048576K
}
Event: 3.056 GC heap after
{Heap after GC invocations=6 (full 0):
 garbage-first heap   total 315392K, used 14801K [0x0000000700000000, 0x0000000800000000)
  region size 1024K, 9 young (9216K), 9 survivors (9216K)
 Metaspace       used 34626K, capacity 35729K, committed 35840K, reserved 1081344K
  class space    used 4172K, capacity 4596K, committed 4608K, reserved 1048576K
}
Event: 4.313 GC heap before
{Heap before GC invocations=7 (full 0):
 garbage-first heap   total 315392K, used 118225K [0x0000000700000000, 0x0000000800000000)
  region size 1024K, 111 young (113664K), 9 survivors (9216K)
 Metaspace       used 43939K, capacity 45140K, committed 45516K, reserved 1089536K
  class space    used 5317K, capacity 5792K, committed 5888K, reserved 1048576K
}
Event: 4.323 GC heap after
{Heap after GC invocations=8 (full 0):
 garbage-first heap   total 315392K, used 19588K [0x0000000700000000, 0x0000000800000000)
  region size 1024K, 12 young (12288K), 12 survivors (12288K)
 Metaspace       used 43939K, capacity 45140K, committed 45516K, reserved 1089536K
  class space    used 5317K, capacity 5792K, committed 5888K, reserved 1048576K
}
Event: 4.764 GC heap before
{Heap before GC invocations=8 (full 0):
 garbage-first heap   total 315392K, used 195716K [0x0000000700000000, 0x0000000800000000)
  region size 1024K, 184 young (188416K), 12 survivors (12288K)
 Metaspace       used 44996K, capacity 46234K, committed 46668K, reserved 1089536K
  class space    used 5433K, capacity 5921K, committed 6016K, reserved 1048576K
}
Event: 4.782 GC heap after
{Heap after GC invocations=9 (full 0):
 garbage-first heap   total 315392K, used 24196K [0x0000000700000000, 0x0000000800000000)
  region size 1024K, 17 young (17408K), 17 survivors (17408K)
 Metaspace       used 44996K, capacity 46234K, committed 46668K, reserved 1089536K
  class space    used 5433K, capacity 5921K, committed 6016K, reserved 1048576K
}

