# JRE version: Java(TM) SE Runtime Environment (8.0_221-b11) (build 1.8.0_221-b11)
# Java VM: Java HotSpot(TM) 64-Bit Server VM (25.221-b11 mixed mode bsd-amd64 compressed oops)
Heap:
 PSYoungGen      total 141824K, used 10745K [0x000000076ab00000, 0x000000077ff00000, 0x00000007c0000000)
  eden space 131072K, 0% used [0x000000076ab00000,0x000000076ab00000,0x0000000772b00000)
  from space 10752K, 99% used [0x0000000772b00000,0x000000077357e760,0x0000000773580000)
  to   space 43008K, 0% used [0x000000077d500000,0x000000077d500000,0x000000077ff00000)
 ParOldGen       total 175104K, used 44984K [0x00000006c0000000, 0x00000006cab00000, 0x000000076ab00000)
  object space 175104K, 25% used [0x00000006c0000000,0x00000006c2bee2c8,0x00000006cab00000)
 Metaspace       used 20602K, capacity 21196K, committed 21296K, reserved 1069056K
  class space    used 2395K, capacity 2565K, committed 2608K, reserved 1048576K
GC Heap History (10 events):
Event: 0.866 GC heap after
Heap after GC invocations=1 (full 0):
 PSYoungGen      total 76288K, used 8355K [0x000000076ab00000, 0x0000000770000000, 0x00000007c0000000)
  eden space 65536K, 0% used [0x000000076ab00000,0x000000076ab00000,0x000000076eb00000)
  from space 10752K, 77% used [0x000000076eb00000,0x000000076f328d40,0x000000076f580000)
  to   space 10752K, 0% used [0x000000076f580000,0x000000076f580000,0x0000000770000000)
 ParOldGen       total 175104K, used 16K [0x00000006c0000000, 0x00000006cab00000, 0x000000076ab00000)
  object space 175104K, 0% used [0x00000006c0000000,0x00000006c0004000,0x00000006cab00000)
 Metaspace       used 10844K, capacity 10966K, committed 11136K, reserved 1058816K
  class space    used 1314K, capacity 1378K, committed 1408K, reserved 1048576K
}
Event: 1.739 GC heap before
{Heap before GC invocations=2 (full 0):
 PSYoungGen      total 76288K, used 73891K [0x000000076ab00000, 0x0000000770000000, 0x00000007c0000000)
  eden space 65536K, 100% used [0x000000076ab00000,0x000000076eb00000,0x000000076eb00000)
  from space 10752K, 77% used [0x000000076eb00000,0x000000076f328d40,0x000000076f580000)
  to   space 10752K, 0% used [0x000000076f580000,0x000000076f580000,0x0000000770000000)
 ParOldGen       total 175104K, used 16K [0x00000006c0000000, 0x00000006cab00000, 0x000000076ab00000)
  object space 175104K, 0% used [0x00000006c0000000,0x00000006c0004000,0x00000006cab00000)
 Metaspace       used 15889K, capacity 16242K, committed 16384K, reserved 1062912K
  class space    used 1905K, capacity 2010K, committed 2048K, reserved 1048576K
Event: 1.750 GC heap after
Heap after GC invocations=2 (full 0):
 PSYoungGen      total 76288K, used 10748K [0x000000076ab00000, 0x0000000774000000, 0x00000007c0000000)
  eden space 65536K, 0% used [0x000000076ab00000,0x000000076ab00000,0x000000076eb00000)
  from space 10752K, 99% used [0x000000076f580000,0x000000076ffff1b8,0x0000000770000000)
  to   space 10752K, 0% used [0x000000076eb00000,0x000000076eb00000,0x000000076f580000)
 ParOldGen       total 175104K, used 359K [0x00000006c0000000, 0x00000006cab00000, 0x000000076ab00000)
  object space 175104K, 0% used [0x00000006c0000000,0x00000006c0059e08,0x00000006cab00000)
 Metaspace       used 15889K, capacity 16242K, committed 16384K, reserved 1062912K
  class space    used 1905K, capacity 2010K, committed 2048K, reserved 1048576K
}
Event: 2.359 GC heap before
{Heap before GC invocations=3 (full 0):
 PSYoungGen      total 76288K, used 76284K [0x000000076ab00000, 0x0000000774000000, 0x00000007c0000000)
  eden space 65536K, 100% used [0x000000076ab00000,0x000000076eb00000,0x000000076eb00000)
  from space 10752K, 99% used [0x000000076f580000,0x000000076ffff1b8,0x0000000770000000)
  to   space 10752K, 0% used [0x000000076eb00000,0x000000076eb00000,0x000000076f580000)
 ParOldGen       total 175104K, used 359K [0x00000006c0000000, 0x00000006cab00000, 0x000000076ab00000)
  object space 175104K, 0% used [0x00000006c0000000,0x00000006c0059e08,0x00000006cab00000)
 Metaspace       used 16452K, capacity 16864K, committed 17152K, reserved 1064960K
  class space    used 1934K, capacity 2017K, committed 2048K, reserved 1048576K
Event: 2.408 GC heap after
Heap after GC invocations=3 (full 0):
 PSYoungGen      total 76288K, used 10720K [0x000000076ab00000, 0x0000000774000000, 0x00000007c0000000)
  eden space 65536K, 0% used [0x000000076ab00000,0x000000076ab00000,0x000000076eb00000)
  from space 10752K, 99% used [0x000000076eb00000,0x000000076f578020,0x000000076f580000)
  to   space 10752K, 0% used [0x0000000773580000,0x0000000773580000,0x0000000774000000)
 ParOldGen       total 175104K, used 38674K [0x00000006c0000000, 0x00000006cab00000, 0x000000076ab00000)
  object space 175104K, 22% used [0x00000006c0000000,0x00000006c25c4ae0,0x00000006cab00000)
 Metaspace       used 16452K, capacity 16864K, committed 17152K, reserved 1064960K
  class space    used 1934K, capacity 2017K, committed 2048K, reserved 1048576K
}
Event: 6.013 GC heap before
{Heap before GC invocations=4 (full 0):
 PSYoungGen      total 76288K, used 76256K [0x000000076ab00000, 0x0000000774000000, 0x00000007c0000000)
  eden space 65536K, 100% used [0x000000076ab00000,0x000000076eb00000,0x000000076eb00000)
  from space 10752K, 99% used [0x000000076eb00000,0x000000076f578020,0x000000076f580000)
  to   space 10752K, 0% used [0x0000000773580000,0x0000000773580000,0x0000000774000000)
 ParOldGen       total 175104K, used 38674K [0x00000006c0000000, 0x00000006cab00000, 0x000000076ab00000)
  object space 175104K, 22% used [0x00000006c0000000,0x00000006c25c4ae0,0x00000006cab00000)
 Metaspace       used 17885K, capacity 18402K, committed 18688K, reserved 1064960K
  class space    used 2065K, capacity 2228K, committed 2304K, reserved 1048576K
Event: 6.028 GC heap after
Heap after GC invocations=4 (full 0):
 PSYoungGen      total 141824K, used 10736K [0x000000076ab00000, 0x0000000774000000, 0x00000007c0000000)
  eden space 131072K, 0% used [0x000000076ab00000,0x000000076ab00000,0x0000000772b00000)
  from space 10752K, 99% used [0x0000000773580000,0x0000000773ffc030,0x0000000774000000)
  to   space 10752K, 0% used [0x0000000772b00000,0x0000000772b00000,0x0000000773580000)
 ParOldGen       total 175104K, used 42705K [0x00000006c0000000, 0x00000006cab00000, 0x000000076ab00000)
  object space 175104K, 24% used [0x00000006c0000000,0x00000006c29b47e0,0x00000006cab00000)
 Metaspace       used 17885K, capacity 18402K, committed 18688K, reserved 1064960K
  class space    used 2065K, capacity 2228K, committed 2304K, reserved 1048576K
}
Event: 6.350 GC heap before
{Heap before GC invocations=5 (full 0):
 PSYoungGen      total 141824K, used 44967K [0x000000076ab00000, 0x0000000774000000, 0x00000007c0000000)
  eden space 131072K, 26% used [0x000000076ab00000,0x000000076cc6de40,0x0000000772b00000)
  from space 10752K, 99% used [0x0000000773580000,0x0000000773ffc030,0x0000000774000000)
  to   space 10752K, 0% used [0x0000000772b00000,0x0000000772b00000,0x0000000773580000)
 ParOldGen       total 175104K, used 42705K [0x00000006c0000000, 0x00000006cab00000, 0x000000076ab00000)
  object space 175104K, 24% used [0x00000006c0000000,0x00000006c29b47e0,0x00000006cab00000)
 Metaspace       used 20602K, capacity 21196K, committed 21296K, reserved 1069056K
  class space    used 2395K, capacity 2565K, committed 2608K, reserved 1048576K
Event: 6.364 GC heap after
Heap after GC invocations=5 (full 0):
 PSYoungGen      total 141824K, used 10745K [0x000000076ab00000, 0x000000077ff00000, 0x00000007c0000000)
  eden space 131072K, 0% used [0x000000076ab00000,0x000000076ab00000,0x0000000772b00000)
  from space 10752K, 99% used [0x0000000772b00000,0x000000077357e760,0x0000000773580000)
  to   space 43008K, 0% used [0x000000077d500000,0x000000077d500000,0x000000077ff00000)
 ParOldGen       total 175104K, used 44984K [0x00000006c0000000, 0x00000006cab00000, 0x000000076ab00000)
  object space 175104K, 25% used [0x00000006c0000000,0x00000006c2bee2c8,0x00000006cab00000)
 Metaspace       used 20602K, capacity 21196K, committed 21296K, reserved 1069056K
  class space    used 2395K, capacity 2565K, committed 2608K, reserved 1048576K
}
Event: 6.364 GC heap before
{Heap before GC invocations=6 (full 1):
 PSYoungGen      total 141824K, used 10745K [0x000000076ab00000, 0x000000077ff00000, 0x00000007c0000000)
  eden space 131072K, 0% used [0x000000076ab00000,0x000000076ab00000,0x0000000772b00000)
  from space 10752K, 99% used [0x0000000772b00000,0x000000077357e760,0x0000000773580000)
  to   space 43008K, 0% used [0x000000077d500000,0x000000077d500000,0x000000077ff00000)
 ParOldGen       total 175104K, used 44984K [0x00000006c0000000, 0x00000006cab00000, 0x000000076ab00000)
  object space 175104K, 25% used [0x00000006c0000000,0x00000006c2bee2c8,0x00000006cab00000)
 Metaspace       used 20602K, capacity 21196K, committed 21296K, reserved 1069056K
  class space    used 2395K, capacity 2565K, committed 2608K, reserved 1048576K

