# JRE version: Java(TM) SE Runtime Environment (11.0.1+13) (build 11.0.1+13-LTS)
# Java VM: Java HotSpot(TM) 64-Bit Server VM (11.0.1+13-LTS, mixed mode, tiered, compressed oops, g1 gc, bsd-amd64)
Heap:
 garbage-first heap   total 315392K, used 39018K [0x0000000700000000, 0x0000000800000000)
  region size 1024K, 30 young (30720K), 17 survivors (17408K)
 Metaspace       used 51748K, capacity 52861K, committed 53168K, reserved 1095680K
  class space    used 6185K, capacity 6634K, committed 6656K, reserved 1048576K
GC Heap History (10 events):
Event: 1.545 GC heap before
{Heap before GC invocations=3 (full 0):
 garbage-first heap   total 262144K, used 19974K [0x0000000700000000, 0x0000000800000000)
  region size 1024K, 17 young (17408K), 3 survivors (3072K)
 Metaspace       used 20705K, capacity 21153K, committed 21552K, reserved 1069056K
  class space    used 2192K, capacity 2337K, committed 2432K, reserved 1048576K
}
Event: 1.553 GC heap after
{Heap after GC invocations=4 (full 0):
 garbage-first heap   total 262144K, used 8313K [0x0000000700000000, 0x0000000800000000)
  region size 1024K, 3 young (3072K), 3 survivors (3072K)
 Metaspace       used 20705K, capacity 21153K, committed 21552K, reserved 1069056K
  class space    used 2192K, capacity 2337K, committed 2432K, reserved 1048576K
}
Event: 2.516 GC heap before
{Heap before GC invocations=5 (full 0):
 garbage-first heap   total 262144K, used 74873K [0x0000000700000000, 0x0000000800000000)
  region size 1024K, 68 young (69632K), 3 survivors (3072K)
 Metaspace       used 29341K, capacity 30017K, committed 30256K, reserved 1075200K
  class space    used 3378K, capacity 3658K, committed 3712K, reserved 1048576K
}
Event: 2.521 GC heap after
{Heap after GC invocations=6 (full 0):
 garbage-first heap   total 262144K, used 10962K [0x0000000700000000, 0x0000000800000000)
  region size 1024K, 6 young (6144K), 6 survivors (6144K)
 Metaspace       used 29341K, capacity 30017K, committed 30256K, reserved 1075200K
  class space    used 3378K, capacity 3658K, committed 3712K, reserved 1048576K
}
Event: 3.404 GC heap before
{Heap before GC invocations=6 (full 0):
 garbage-first heap   total 262144K, used 95954K [0x0000000700000000, 0x0000000800000000)
  region size 1024K, 91 young (93184K), 6 survivors (6144K)
 Metaspace       used 34965K, capacity 35777K, committed 35888K, reserved 1081344K
  class space    used 4095K, capacity 4428K, committed 4480K, reserved 1048576K
}
Event: 3.418 GC heap after
{Heap after GC invocations=7 (full 0):
 garbage-first heap   total 315392K, used 14018K [0x0000000700000000, 0x0000000800000000)
  region size 1024K, 9 young (9216K), 9 survivors (9216K)
 Metaspace       used 34965K, capacity 35777K, committed 35888K, reserved 1081344K
  class space    used 4095K, capacity 4428K, committed 4480K, reserved 1048576K
}
Event: 4.768 GC heap before
{Heap before GC invocations=8 (full 0):
 garbage-first heap   total 315392K, used 193218K [0x0000000700000000, 0x0000000800000000)
  region size 1024K, 184 young (188416K), 9 survivors (9216K)
 Metaspace       used 44358K, capacity 45318K, committed 45744K, reserved 1089536K
  class space    used 5172K, capacity 5555K, committed 5632K, reserved 1048576K
}
Event: 4.783 GC heap after
{Heap after GC invocations=9 (full 0):
 garbage-first heap   total 315392K, used 21994K [0x0000000700000000, 0x0000000800000000)
  region size 1024K, 16 young (16384K), 16 survivors (16384K)
 Metaspace       used 44358K, capacity 45318K, committed 45744K, reserved 1089536K
  class space    used 5172K, capacity 5555K, committed 5632K, reserved 1048576K
}
Event: 6.770 GC heap before
{Heap before GC invocations=9 (full 0):
 garbage-first heap   total 315392K, used 194026K [0x0000000700000000, 0x0000000800000000)
  region size 1024K, 184 young (188416K), 16 survivors (16384K)
 Metaspace       used 50262K, capacity 51421K, committed 51632K, reserved 1095680K
  class space    used 5894K, capacity 6346K, committed 6400K, reserved 1048576K
}
Event: 6.787 GC heap after
{Heap after GC invocations=10 (full 0):
 garbage-first heap   total 315392K, used 26730K [0x0000000700000000, 0x0000000800000000)
  region size 1024K, 17 young (17408K), 17 survivors (17408K)
 Metaspace       used 50262K, capacity 51421K, committed 51632K, reserved 1095680K
  class space    used 5894K, capacity 6346K, committed 6400K, reserved 1048576K
}

