# JRE version: Java(TM) SE Runtime Environment (11.0.1+13) (build 11.0.1+13-LTS)
# Java VM: Java HotSpot(TM) 64-Bit Server VM (11.0.1+13-LTS, mixed mode, tiered, compressed oops, g1 gc, bsd-amd64)
Heap:
 garbage-first heap   total 262144K, used 84830K [0x0000000700000000, 0x0000000800000000)
  region size 1024K, 79 young (80896K), 3 survivors (3072K)
 Metaspace       used 29459K, capacity 30332K, committed 30464K, reserved 1075200K
  class space    used 3450K, capacity 3792K, committed 3840K, reserved 1048576K
GC Heap History (8 events):
Event: 0.758 GC heap before
{Heap before GC invocations=0 (full 0):
 garbage-first heap   total 262144K, used 13312K [0x0000000700000000, 0x0000000800000000)
  region size 1024K, 14 young (14336K), 0 survivors (0K)
 Metaspace       used 11289K, capacity 11579K, committed 11776K, reserved 1060864K
  class space    used 1167K, capacity 1262K, committed 1280K, reserved 1048576K
}
Event: 0.762 GC heap after
{Heap after GC invocations=1 (full 0):
 garbage-first heap   total 262144K, used 5336K [0x0000000700000000, 0x0000000800000000)
  region size 1024K, 2 young (2048K), 2 survivors (2048K)
 Metaspace       used 11289K, capacity 11579K, committed 11776K, reserved 1060864K
  class space    used 1167K, capacity 1262K, committed 1280K, reserved 1048576K
}
Event: 0.957 GC heap before
{Heap before GC invocations=1 (full 0):
 garbage-first heap   total 262144K, used 17624K [0x0000000700000000, 0x0000000800000000)
  region size 1024K, 14 young (14336K), 2 survivors (2048K)
 Metaspace       used 13786K, capacity 14164K, committed 14464K, reserved 1062912K
  class space    used 1439K, capacity 1551K, committed 1664K, reserved 1048576K
}
Event: 0.961 GC heap after
{Heap after GC invocations=2 (full 0):
 garbage-first heap   total 262144K, used 6288K [0x0000000700000000, 0x0000000800000000)
  region size 1024K, 2 young (2048K), 2 survivors (2048K)
 Metaspace       used 13786K, capacity 14164K, committed 14464K, reserved 1062912K
  class space    used 1439K, capacity 1551K, committed 1664K, reserved 1048576K
}
Event: 1.180 GC heap before
{Heap before GC invocations=2 (full 0):
 garbage-first heap   total 262144K, used 37008K [0x0000000700000000, 0x0000000800000000)
  region size 1024K, 33 young (33792K), 2 survivors (2048K)
 Metaspace       used 17604K, capacity 18132K, committed 18304K, reserved 1064960K
  class space    used 1916K, capacity 2116K, committed 2176K, reserved 1048576K
}
Event: 1.183 GC heap after
{Heap after GC invocations=3 (full 0):
 garbage-first heap   total 262144K, used 7403K [0x0000000700000000, 0x0000000800000000)
  region size 1024K, 3 young (3072K), 3 survivors (3072K)
 Metaspace       used 17604K, capacity 18132K, committed 18304K, reserved 1064960K
  class space    used 1916K, capacity 2116K, committed 2176K, reserved 1048576K
}
Event: 1.267 GC heap before
{Heap before GC invocations=3 (full 0):
 garbage-first heap   total 262144K, used 22763K [0x0000000700000000, 0x0000000800000000)
  region size 1024K, 19 young (19456K), 3 survivors (3072K)
 Metaspace       used 20540K, capacity 21155K, committed 21248K, reserved 1069056K
  class space    used 2252K, capacity 2492K, committed 2560K, reserved 1048576K
}
Event: 1.271 GC heap after
{Heap after GC invocations=4 (full 0):
 garbage-first heap   total 262144K, used 8030K [0x0000000700000000, 0x0000000800000000)
  region size 1024K, 3 young (3072K), 3 survivors (3072K)
 Metaspace       used 20540K, capacity 21155K, committed 21248K, reserved 1069056K
  class space    used 2252K, capacity 2492K, committed 2560K, reserved 1048576K
}

